  movegen.cpp
movegen.cpp(111): error C2511: 'void MoveGen::possibleWP(const BitBoards &,bool)': overloaded member function not found in 'MoveGen'
  c:\users\c-60\desktop\cppprograms\stuckfish\externs.h(19): note: see declaration of 'MoveGen'
movegen.cpp(116): error C2065: 'wpawns': undeclared identifier
movegen.cpp(122): error C2352: 'MoveGen::movegen_push': illegal call of non-static member function
  c:\users\c-60\desktop\cppprograms\stuckfish\movegen.h(86): note: see declaration of 'MoveGen::movegen_push'
movegen.cpp(127): error C2065: 'wpawns': undeclared identifier
movegen.cpp(127): error C2597: illegal reference to non-static member 'MoveGen::EmptyTiles'
movegen.cpp(127): error C3867: 'MoveGen::EmptyTiles': non-standard syntax; use '&' to create a pointer to member
movegen.cpp(132): error C2352: 'MoveGen::movegen_push': illegal call of non-static member function
  c:\users\c-60\desktop\cppprograms\stuckfish\movegen.h(86): note: see declaration of 'MoveGen::movegen_push'
movegen.cpp(137): error C2065: 'wpawns': undeclared identifier
movegen.cpp(137): error C2065: 'blackking': undeclared identifier
movegen.cpp(144): error C2352: 'MoveGen::whichPieceCaptured': illegal call of non-static member function
  c:\users\c-60\desktop\cppprograms\stuckfish\movegen.h(96): note: see declaration of 'MoveGen::whichPieceCaptured'
movegen.cpp(146): error C2352: 'MoveGen::movegen_push': illegal call of non-static member function
  c:\users\c-60\desktop\cppprograms\stuckfish\movegen.h(86): note: see declaration of 'MoveGen::movegen_push'
movegen.cpp(151): error C2065: 'wpawns': undeclared identifier
movegen.cpp(151): error C2065: 'blackking': undeclared identifier
movegen.cpp(158): error C2352: 'MoveGen::whichPieceCaptured': illegal call of non-static member function
  c:\users\c-60\desktop\cppprograms\stuckfish\movegen.h(96): note: see declaration of 'MoveGen::whichPieceCaptured'
movegen.cpp(160): error C2352: 'MoveGen::movegen_push': illegal call of non-static member function
  c:\users\c-60\desktop\cppprograms\stuckfish\movegen.h(86): note: see declaration of 'MoveGen::movegen_push'
movegen.cpp(165): error C2065: 'wpawns': undeclared identifier
movegen.cpp(170): error C2352: 'MoveGen::movegen_push': illegal call of non-static member function
  c:\users\c-60\desktop\cppprograms\stuckfish\movegen.h(86): note: see declaration of 'MoveGen::movegen_push'
movegen.cpp(175): error C2065: 'wpawns': undeclared identifier
movegen.cpp(175): error C2065: 'blackking': undeclared identifier
movegen.cpp(182): error C2352: 'MoveGen::whichPieceCaptured': illegal call of non-static member function
  c:\users\c-60\desktop\cppprograms\stuckfish\movegen.h(96): note: see declaration of 'MoveGen::whichPieceCaptured'
movegen.cpp(184): error C2352: 'MoveGen::movegen_push': illegal call of non-static member function
  c:\users\c-60\desktop\cppprograms\stuckfish\movegen.h(86): note: see declaration of 'MoveGen::movegen_push'
movegen.cpp(189): error C2065: 'wpawns': undeclared identifier
movegen.cpp(189): error C2065: 'blackking': undeclared identifier
movegen.cpp(196): error C2352: 'MoveGen::whichPieceCaptured': illegal call of non-static member function
  c:\users\c-60\desktop\cppprograms\stuckfish\movegen.h(96): note: see declaration of 'MoveGen::whichPieceCaptured'
movegen.cpp(198): error C2352: 'MoveGen::movegen_push': illegal call of non-static member function
  c:\users\c-60\desktop\cppprograms\stuckfish\movegen.h(86): note: see declaration of 'MoveGen::movegen_push'
movegen.cpp(204): error C2511: 'void MoveGen::possibleBP(const BitBoards &,bool)': overloaded member function not found in 'MoveGen'
  c:\users\c-60\desktop\cppprograms\stuckfish\externs.h(19): note: see declaration of 'MoveGen'
movegen.cpp(212): error C2065: 'bpawns': undeclared identifier
movegen.cpp(217): error C2352: 'MoveGen::movegen_push': illegal call of non-static member function
  c:\users\c-60\desktop\cppprograms\stuckfish\movegen.h(86): note: see declaration of 'MoveGen::movegen_push'
movegen.cpp(221): error C2065: 'bpawns': undeclared identifier
movegen.cpp(221): error C2597: illegal reference to non-static member 'MoveGen::EmptyTiles'
movegen.cpp(221): error C3867: 'MoveGen::EmptyTiles': non-standard syntax; use '&' to create a pointer to member
movegen.cpp(226): error C2352: 'MoveGen::movegen_push': illegal call of non-static member function
  c:\users\c-60\desktop\cppprograms\stuckfish\movegen.h(86): note: see declaration of 'MoveGen::movegen_push'
movegen.cpp(231): error C2065: 'bpawns': undeclared identifier
movegen.cpp(231): error C2065: 'whiteking': undeclared identifier
movegen.cpp(237): error C2352: 'MoveGen::whichPieceCaptured': illegal call of non-static member function
  c:\users\c-60\desktop\cppprograms\stuckfish\movegen.h(96): note: see declaration of 'MoveGen::whichPieceCaptured'
movegen.cpp(239): error C2352: 'MoveGen::movegen_push': illegal call of non-static member function
  c:\users\c-60\desktop\cppprograms\stuckfish\movegen.h(86): note: see declaration of 'MoveGen::movegen_push'
movegen.cpp(244): error C2065: 'bpawns': undeclared identifier
movegen.cpp(244): error C2065: 'whiteking': undeclared identifier
movegen.cpp(250): error C2352: 'MoveGen::whichPieceCaptured': illegal call of non-static member function
  c:\users\c-60\desktop\cppprograms\stuckfish\movegen.h(96): note: see declaration of 'MoveGen::whichPieceCaptured'
movegen.cpp(252): error C2352: 'MoveGen::movegen_push': illegal call of non-static member function
  c:\users\c-60\desktop\cppprograms\stuckfish\movegen.h(86): note: see declaration of 'MoveGen::movegen_push'
movegen.cpp(257): error C2065: 'bpawns': undeclared identifier
movegen.cpp(262): error C2352: 'MoveGen::movegen_push': illegal call of non-static member function
  c:\users\c-60\desktop\cppprograms\stuckfish\movegen.h(86): note: see declaration of 'MoveGen::movegen_push'
movegen.cpp(267): error C2065: 'bpawns': undeclared identifier
movegen.cpp(267): error C2065: 'whiteking': undeclared identifier
movegen.cpp(273): error C2352: 'MoveGen::whichPieceCaptured': illegal call of non-static member function
  c:\users\c-60\desktop\cppprograms\stuckfish\movegen.h(96): note: see declaration of 'MoveGen::whichPieceCaptured'
movegen.cpp(275): error C2352: 'MoveGen::movegen_push': illegal call of non-static member function
  c:\users\c-60\desktop\cppprograms\stuckfish\movegen.h(86): note: see declaration of 'MoveGen::movegen_push'
movegen.cpp(280): error C2065: 'bpawns': undeclared identifier
movegen.cpp(280): error C2065: 'whiteking': undeclared identifier
movegen.cpp(286): error C2352: 'MoveGen::whichPieceCaptured': illegal call of non-static member function
  c:\users\c-60\desktop\cppprograms\stuckfish\movegen.h(96): note: see declaration of 'MoveGen::whichPieceCaptured'
movegen.cpp(288): error C2352: 'MoveGen::movegen_push': illegal call of non-static member function
  c:\users\c-60\desktop\cppprograms\stuckfish\movegen.h(86): note: see declaration of 'MoveGen::movegen_push'
