c:\users\c-60\appdata\local\temp\irmagent.log
c:\users\c-60\desktop\cppprograms\stuckfish\x64\release\stuckfish.tlog\icl-intelremotemonserver-intelremotemonagent-intelremotemonagent2.read.1.tlog
c:\users\c-60\appdata\local\microsoft\clr_v4.0\usagelogs\intelremotemonagent2.exe.log
c:\users\c-60\desktop\cppprograms\stuckfish\x64\release\ai_logic.obj
c:\users\c-60\desktop\cppprograms\stuckfish\x64\release\bitboards.obj
c:\users\c-60\desktop\cppprograms\stuckfish\x64\release\endgame.obj
c:\users\c-60\desktop\cppprograms\stuckfish\x64\release\evaluate.obj
c:\users\c-60\desktop\cppprograms\stuckfish\x64\release\hashentry.obj
c:\users\c-60\desktop\cppprograms\stuckfish\x64\release\main.obj
c:\users\c-60\desktop\cppprograms\stuckfish\x64\release\material.obj
c:\users\c-60\desktop\cppprograms\stuckfish\x64\release\movegen.obj
c:\users\c-60\desktop\cppprograms\stuckfish\x64\release\pawns.obj
c:\users\c-60\desktop\cppprograms\stuckfish\x64\release\slider_attacks.obj
c:\users\c-60\desktop\cppprograms\stuckfish\x64\release\timemanager.obj
c:\users\c-60\desktop\cppprograms\stuckfish\x64\release\transpositiont.obj
c:\users\c-60\desktop\cppprograms\stuckfish\x64\release\uci.obj
c:\users\c-60\desktop\cppprograms\stuckfish\x64\release\zobristh.obj
c:\users\c-60\desktop\cppprograms\stuckfish\x64\release\vc140.pdb
c:\users\c-60\appdata\local\temp\lnk{8419e072-90d5-473e-9816-80e422b687bc}.tmp
c:\users\c-60\desktop\cppprograms\stuckfish\x64\release\stuckfish.ilk
c:\users\c-60\desktop\cppprograms\stuckfish\x64\release\stuckfish.exe
c:\users\c-60\desktop\cppprograms\stuckfish\x64\release\stuckfish.pdb
c:\users\c-60\desktop\cppprograms\stuckfish\x64\release\stuckfish.tlog\icl-intelremotemonserver-intelremotemonagent-intelremotemonagent2.write.1.tlog
c:\users\c-60\desktop\cppprograms\stuckfish\x64\release\stuckfish.tlog\icl-intelremotemonserver-intelremotemonagent.read.1.tlog
c:\users\c-60\desktop\cppprograms\stuckfish\x64\release\stuckfish.tlog\icl-intelremotemonserver-intelremotemonagent.read.2.tlog
c:\users\c-60\desktop\cppprograms\stuckfish\x64\release\stuckfish.tlog\icl-intelremotemonserver.read.1.tlog
c:\users\c-60\desktop\cppprograms\stuckfish\x64\release\stuckfish.tlog\icl-intelremotemonserver.read.2.tlog
c:\users\c-60\desktop\cppprograms\stuckfish\x64\release\stuckfish.tlog\icl-intelremotemonserver.read.9.tlog
c:\users\c-60\desktop\cppprograms\stuckfish\x64\release\stuckfish.tlog\icl-intelremotemonserver.write.2.tlog
c:\users\c-60\desktop\cppprograms\stuckfish\x64\release\stuckfish.tlog\icl-mcpcom.read.1.tlog
c:\users\c-60\desktop\cppprograms\stuckfish\x64\release\stuckfish.tlog\icl-mcpcom.write.1.tlog
c:\users\c-60\desktop\cppprograms\stuckfish\x64\release\stuckfish.tlog\icl.command.1.tlog
c:\users\c-60\desktop\cppprograms\stuckfish\x64\release\stuckfish.tlog\icl.read.1.tlog
c:\users\c-60\desktop\cppprograms\stuckfish\x64\release\stuckfish.tlog\icl.write.1.tlog
c:\users\c-60\desktop\cppprograms\stuckfish\x64\release\stuckfish.tlog\xilink-link-cvtres.read.1.tlog
c:\users\c-60\desktop\cppprograms\stuckfish\x64\release\stuckfish.tlog\xilink-link-cvtres.write.1.tlog
c:\users\c-60\desktop\cppprograms\stuckfish\x64\release\stuckfish.tlog\xilink-link-rc.read.1.tlog
c:\users\c-60\desktop\cppprograms\stuckfish\x64\release\stuckfish.tlog\xilink-link-rc.write.1.tlog
c:\users\c-60\desktop\cppprograms\stuckfish\x64\release\stuckfish.tlog\xilink-link.11556-cvtres.read.1.tlog
c:\users\c-60\desktop\cppprograms\stuckfish\x64\release\stuckfish.tlog\xilink-link.11556-cvtres.write.1.tlog
c:\users\c-60\desktop\cppprograms\stuckfish\x64\release\stuckfish.tlog\xilink-link.11556-rc.read.1.tlog
c:\users\c-60\desktop\cppprograms\stuckfish\x64\release\stuckfish.tlog\xilink-link.11556-rc.write.1.tlog
c:\users\c-60\desktop\cppprograms\stuckfish\x64\release\stuckfish.tlog\xilink-link.11556.read.1.tlog
c:\users\c-60\desktop\cppprograms\stuckfish\x64\release\stuckfish.tlog\xilink-link.11556.read.2.tlog
c:\users\c-60\desktop\cppprograms\stuckfish\x64\release\stuckfish.tlog\xilink-link.11556.write.1.tlog
c:\users\c-60\desktop\cppprograms\stuckfish\x64\release\stuckfish.tlog\xilink-link.read.1.tlog
c:\users\c-60\desktop\cppprograms\stuckfish\x64\release\stuckfish.tlog\xilink-link.read.2.tlog
c:\users\c-60\desktop\cppprograms\stuckfish\x64\release\stuckfish.tlog\xilink-link.write.1.tlog
c:\users\c-60\desktop\cppprograms\stuckfish\x64\release\stuckfish.tlog\xilink-mcpcom.read.1.tlog
c:\users\c-60\desktop\cppprograms\stuckfish\x64\release\stuckfish.tlog\xilink-mcpcom.write.1.tlog
c:\users\c-60\desktop\cppprograms\stuckfish\x64\release\stuckfish.tlog\xilink.command.1.tlog
c:\users\c-60\desktop\cppprograms\stuckfish\x64\release\stuckfish.tlog\xilink.read.1.tlog
c:\users\c-60\desktop\cppprograms\stuckfish\x64\release\stuckfish.tlog\xilink.write.1.tlog
