  ai_logic.cpp
c:\users\c-60\desktop\cppprograms\stuckfish\ai_logic.cpp(323): error C2660: 'Ai_Logic::quiescent': function does not take 5 arguments
c:\users\c-60\desktop\cppprograms\stuckfish\ai_logic.cpp(352): warning C4533: initialization of 'eval' is skipped by 'goto moves_loop'
  c:\users\c-60\desktop\cppprograms\stuckfish\ai_logic.cpp(289): note: see declaration of 'eval'
  c:\users\c-60\desktop\cppprograms\stuckfish\ai_logic.cpp(352): note: see declaration of 'moves_loop'
c:\users\c-60\desktop\cppprograms\stuckfish\ai_logic.cpp(575): error C2065: 'entry': undeclared identifier
c:\users\c-60\desktop\cppprograms\stuckfish\ai_logic.cpp(620): error C2660: 'Ai_Logic::quiescent': function does not take 5 arguments
  Generating Code...
  Compiling...
  TimeManager.cpp
  Generating Code...
  Compiling...
  zobristh.cpp
  movegen.cpp
  move.cpp
  main.cpp
  hashentry.cpp
  evaluatebb.cpp
  bitboards.cpp
  UCI.cpp
  TranspositionT.cpp
  Generating Code...
