c:\users\c-60\desktop\cppprograms\stuckfish\x64\debug\vc140.pdb
c:\users\c-60\desktop\cppprograms\stuckfish\x64\debug\vc140.idb
c:\users\c-60\desktop\cppprograms\stuckfish\x64\debug\ai_logic.obj
c:\users\c-60\desktop\cppprograms\stuckfish\x64\debug\bitboards.obj
c:\users\c-60\desktop\cppprograms\stuckfish\x64\debug\evaluatebb.obj
c:\users\c-60\desktop\cppprograms\stuckfish\x64\debug\hashentry.obj
c:\users\c-60\desktop\cppprograms\stuckfish\x64\debug\main.obj
c:\users\c-60\desktop\cppprograms\stuckfish\x64\debug\move.obj
c:\users\c-60\desktop\cppprograms\stuckfish\x64\debug\movegen.obj
c:\users\c-60\desktop\cppprograms\stuckfish\x64\debug\slider_attacks.obj
c:\users\c-60\desktop\cppprograms\stuckfish\x64\debug\transpositiont.obj
c:\users\c-60\desktop\cppprograms\stuckfish\x64\debug\uci.obj
c:\users\c-60\desktop\cppprograms\stuckfish\x64\debug\zobristh.obj
c:\users\c-60\desktop\cppprograms\stuckfish\x64\debug\timemanager.obj
c:\users\c-60\desktop\cppprograms\stuckfish\x64\debug\stuckfish.ilk
c:\users\c-60\desktop\cppprograms\stuckfish\x64\debug\stuckfish.exe
c:\users\c-60\desktop\cppprograms\stuckfish\x64\debug\stuckfish.pdb
c:\users\c-60\desktop\cppprograms\stuckfish\x64\debug\stuckfish.tlog\cl.command.1.tlog
c:\users\c-60\desktop\cppprograms\stuckfish\x64\debug\stuckfish.tlog\cl.read.1.tlog
c:\users\c-60\desktop\cppprograms\stuckfish\x64\debug\stuckfish.tlog\cl.write.1.tlog
c:\users\c-60\desktop\cppprograms\stuckfish\x64\debug\stuckfish.tlog\link.command.1.tlog
c:\users\c-60\desktop\cppprograms\stuckfish\x64\debug\stuckfish.tlog\link.read.1.tlog
c:\users\c-60\desktop\cppprograms\stuckfish\x64\debug\stuckfish.tlog\link.write.1.tlog
